nohup: ignoring input
2022-09-22 22:23:32,984 INFO  [ckan.cli] Using configuration file /etc/ckan/cuenca/ckan.ini
2022-09-22 22:23:32,984 INFO  [ckan.config.environment] Loading static files from public
2022-09-22 22:23:33,254 INFO  [ckan.config.environment] Loading templates from /usr/lib/ckan/cuenca/src/ckan/ckan/templates
2022-09-22 22:23:33,700 INFO  [ckan.config.environment] Loading templates from /usr/lib/ckan/cuenca/src/ckan/ckan/templates
2022-09-22 22:23:34,237 INFO  [ckan.cli.server] Running CKAN on http://0.0.0.0:3000
2022-09-22 22:23:35,301 INFO  [ckan.cli] Using configuration file /etc/ckan/cuenca/ckan.ini
2022-09-22 22:23:35,302 INFO  [ckan.config.environment] Loading static files from public
2022-09-22 22:23:35,520 INFO  [ckan.config.environment] Loading templates from /usr/lib/ckan/cuenca/src/ckan/ckan/templates
2022-09-22 22:23:35,992 INFO  [ckan.config.environment] Loading templates from /usr/lib/ckan/cuenca/src/ckan/ckan/templates
2022-09-22 22:23:36,530 INFO  [ckan.cli.server] Running CKAN on http://0.0.0.0:3000
2022-09-23 00:18:27,497 INFO  [ckan.config.middleware.flask_app]  304 /webassets/base/6ab3ede7_main.css render time 0.123 seconds
2022-09-23 00:18:27,509 INFO  [ckan.config.middleware.flask_app]  304 /webassets/visualize/a46332f9_visualize_main.css render time 0.007 seconds
2022-09-23 00:18:27,773 INFO  [ckan.config.middleware.flask_app]  304 /webassets/ckanext-pdae_theme/f46a8b72_pdae_theme.css render time 0.007 seconds
2022-09-23 00:18:27,784 INFO  [ckan.config.middleware.flask_app]  304 /webassets/ckanext-pdae_theme/7be2acbb_pdae_theme_swiper.css render time 0.005 seconds
2022-09-23 00:18:28,010 INFO  [ckan.config.middleware.flask_app]  304 /base/images/bg.png render time 0.007 seconds
2022-09-23 00:18:28,087 INFO  [ckan.config.middleware.flask_app]  304 /images/logo_cuenca_m_1.png render time 0.008 seconds
2022-09-23 00:18:28,097 INFO  [ckan.config.middleware.flask_app]  304 /uploads/group/2022-09-16-022827.248727Mesa-de-trabajo-1-copia-2.png render time 0.007 seconds
2022-09-23 00:18:28,265 INFO  [ckan.config.middleware.flask_app]  304 /webassets/vendor/f3b8236b_select2.css render time 0.008 seconds
2022-09-23 00:18:28,350 INFO  [ckan.config.middleware.flask_app]  304 /fonts/Poppins-Regular.ttf render time 0.007 seconds
2022-09-23 00:18:28,365 INFO  [ckan.config.middleware.flask_app]  304 /images/banner_fondo.jpg render time 0.005 seconds
2022-09-23 00:18:28,537 INFO  [ckan.config.middleware.flask_app]  304 /webassets/vendor/0b01aef1_font-awesome.css render time 0.006 seconds
2022-09-23 00:18:28,648 INFO  [ckan.config.middleware.flask_app]  304 /uploads/group/2022-09-16-022632.621585Mesa-de-trabajo-1-copia-10.png render time 0.008 seconds
2022-09-23 00:18:28,658 INFO  [ckan.config.middleware.flask_app]  304 /uploads/group/2022-09-16-022650.937333Mesa-de-trabajo-1-copia-5.png render time 0.007 seconds
2022-09-23 00:18:28,815 INFO  [ckan.config.middleware.flask_app]  304 /uploads/group/2022-09-16-022844.275881Mesa-de-trabajo-1-copia-4.png render time 0.007 seconds
2022-09-23 00:18:28,930 INFO  [ckan.config.middleware.flask_app]  304 /uploads/group/2022-09-16-022905.273200Mesa-de-trabajo-1-copia-3.png render time 0.007 seconds
2022-09-23 00:18:28,953 INFO  [ckan.config.middleware.flask_app]  304 /images/GIZ.png render time 0.006 seconds
2022-09-23 00:18:29,079 INFO  [ckan.config.middleware.flask_app]  304 /images/datalat.png render time 0.005 seconds
2022-09-23 00:18:29,176 INFO  [ckan.config.middleware.flask_app]  304 /webassets/vendor/d8ae4bed_jquery.js render time 0.009 seconds
2022-09-23 00:18:29,194 INFO  [ckan.config.middleware.flask_app]  304 /webassets/vendor/fb6095a0_vendor.js render time 0.006 seconds
2022-09-23 00:18:29,345 INFO  [ckan.config.middleware.flask_app]  304 /webassets/vendor/580fa18d_bootstrap.js render time 0.005 seconds
2022-09-23 00:18:29,448 INFO  [ckan.config.middleware.flask_app]  304 /webassets/base/15a18f6c_main.js render time 0.005 seconds
2022-09-23 00:18:29,457 INFO  [ckan.config.middleware.flask_app]  304 /webassets/base/266988e1_ckan.js render time 0.006 seconds
2022-09-23 00:18:29,607 INFO  [ckan.config.middleware.flask_app]  304 /webassets/visualize/2042e6ba_chart.bundle.js render time 0.005 seconds
2022-09-23 00:18:29,699 INFO  [ckan.config.middleware.flask_app]  304 /webassets/visualize/6f1c27cd_sortable.js render time 0.006 seconds
2022-09-23 00:18:29,711 INFO  [ckan.config.middleware.flask_app]  304 /webassets/visualize/56e48d58_backend.ckan.js render time 0.009 seconds
2022-09-23 00:18:29,879 INFO  [ckan.config.middleware.flask_app]  304 /webassets/visualize/8f189956_visualize-data.js render time 0.004 seconds
2022-09-23 00:18:29,928 INFO  [ckan.config.middleware.flask_app]  304 /webassets/ckanext-pdae_theme/708d062b_pdae_theme_navbar.js render time 0.007 seconds
2022-09-23 00:18:29,979 INFO  [ckan.config.middleware.flask_app]  304 /webassets/ckanext-pdae_theme/905c98f3_pdae_theme_swiper.js render time 0.009 seconds
2022-09-23 00:18:30,131 INFO  [ckan.config.middleware.flask_app]  304 /webassets/ckanext-pdae_theme/b2d8e2d7_pdae_theme_slider.js render time 0.009 seconds
2022-09-23 00:18:30,406 INFO  [ckan.config.middleware.flask_app]  200 /api/i18n/es render time 0.004 seconds
2022-09-23 03:11:22,109 INFO  [ckan.config.middleware.flask_app]  200 /dataset/ render time 0.385 seconds
2022-09-23 03:11:22,321 INFO  [ckan.config.middleware.flask_app]  200 /webassets/base/6ab3ede7_main.css render time 0.007 seconds
2022-09-23 03:11:22,570 INFO  [ckan.config.middleware.flask_app]  200 /webassets/visualize/a46332f9_visualize_main.css render time 0.005 seconds
2022-09-23 03:11:22,579 INFO  [ckan.config.middleware.flask_app]  200 /images/logo_cuenca_m_1.png render time 0.006 seconds
2022-09-23 03:11:22,627 INFO  [ckan.config.middleware.flask_app]  200 /webassets/ckanext-pdae_theme/adc425d4_pdae_theme.css render time 0.008 seconds
2022-09-23 03:11:22,639 INFO  [ckan.config.middleware.flask_app]  200 /images/GIZ.png render time 0.004 seconds
2022-09-23 03:11:22,645 INFO  [ckan.config.middleware.flask_app]  200 /images/datalat.png render time 0.004 seconds
2022-09-23 03:11:22,835 INFO  [ckan.config.middleware.flask_app]  200 /webassets/vendor/f3b8236b_select2.css render time 0.004 seconds
2022-09-23 03:11:22,867 INFO  [ckan.config.middleware.flask_app]  200 /webassets/vendor/0b01aef1_font-awesome.css render time 0.005 seconds
2022-09-23 03:11:22,919 INFO  [ckan.config.middleware.flask_app]  200 /webassets/vendor/d8ae4bed_jquery.js render time 0.005 seconds
2022-09-23 03:11:23,293 INFO  [ckan.config.middleware.flask_app]  200 /fonts/Poppins-Regular.ttf render time 0.008 seconds
2022-09-23 03:11:23,553 INFO  [ckan.config.middleware.flask_app]  200 /webassets/vendor/fb6095a0_vendor.js render time 0.006 seconds
2022-09-23 03:11:24,085 INFO  [ckan.config.middleware.flask_app]  200 /webassets/vendor/580fa18d_bootstrap.js render time 0.006 seconds
2022-09-23 03:11:24,095 INFO  [ckan.config.middleware.flask_app]  200 /base/vendor/font-awesome/fonts/fontawesome-webfont.woff2 render time 0.007 seconds
2022-09-23 03:11:24,108 INFO  [ckan.config.middleware.flask_app]  200 /webassets/base/15a18f6c_main.js render time 0.008 seconds
2022-09-23 03:11:24,114 INFO  [ckan.config.middleware.flask_app]  200 /webassets/base/266988e1_ckan.js render time 0.004 seconds
2022-09-23 03:11:24,121 INFO  [ckan.config.middleware.flask_app]  200 /webassets/visualize/2042e6ba_chart.bundle.js render time 0.004 seconds
2022-09-23 03:11:24,707 INFO  [ckan.config.middleware.flask_app]  200 /webassets/visualize/6f1c27cd_sortable.js render time 0.008 seconds
2022-09-23 03:11:24,994 INFO  [ckan.config.middleware.flask_app]  200 /webassets/visualize/56e48d58_backend.ckan.js render time 0.006 seconds
2022-09-23 03:11:25,004 INFO  [ckan.config.middleware.flask_app]  200 /webassets/visualize/8f189956_visualize-data.js render time 0.006 seconds
2022-09-23 03:11:25,013 INFO  [ckan.config.middleware.flask_app]  200 /webassets/ckanext-pdae_theme/708d062b_pdae_theme_navbar.js render time 0.006 seconds
2022-09-23 03:11:25,442 INFO  [ckan.config.middleware.flask_app]  200 /api/i18n/es render time 0.005 seconds
2022-09-23 03:11:25,449 INFO  [ckan.config.middleware.flask_app]  200 /favicon.ico render time 0.005 seconds
2022-09-23 03:11:26,191 INFO  [ckan.config.middleware.flask_app]  200 / render time 0.295 seconds
2022-09-23 03:11:26,458 INFO  [ckan.config.middleware.flask_app]  304 /webassets/base/6ab3ede7_main.css render time 0.009 seconds
2022-09-23 03:11:26,587 INFO  [ckan.config.middleware.flask_app]  304 /webassets/visualize/a46332f9_visualize_main.css render time 0.005 seconds
2022-09-23 03:11:26,616 INFO  [ckan.config.middleware.flask_app]  304 /webassets/ckanext-pdae_theme/adc425d4_pdae_theme.css render time 0.008 seconds
2022-09-23 03:11:26,630 INFO  [ckan.config.middleware.flask_app]  304 /images/logo_cuenca_m_1.png render time 0.010 seconds
2022-09-23 03:11:26,640 INFO  [ckan.config.middleware.flask_app]  200 /uploads/group/2022-09-16-022827.248727Mesa-de-trabajo-1-copia-2.png render time 0.006 seconds
2022-09-23 03:11:26,681 INFO  [ckan.config.middleware.flask_app]  200 /uploads/group/2022-09-16-022632.621585Mesa-de-trabajo-1-copia-10.png render time 0.007 seconds
2022-09-23 03:11:26,711 INFO  [ckan.config.middleware.flask_app]  200 /uploads/group/2022-09-16-022650.937333Mesa-de-trabajo-1-copia-5.png render time 0.006 seconds
2022-09-23 03:11:26,858 INFO  [ckan.config.middleware.flask_app]  200 /base/images/bg.png render time 0.004 seconds
2022-09-23 03:11:26,869 INFO  [ckan.config.middleware.flask_app]  200 /uploads/group/2022-09-16-022844.275881Mesa-de-trabajo-1-copia-4.png render time 0.005 seconds
2022-09-23 03:11:26,882 INFO  [ckan.config.middleware.flask_app]  200 /images/banner_fondo.jpg render time 0.006 seconds
2022-09-23 03:11:27,248 INFO  [ckan.config.middleware.flask_app]  200 /webassets/ckanext-pdae_theme/7be2acbb_pdae_theme_swiper.css render time 0.005 seconds
2022-09-23 03:11:27,258 INFO  [ckan.config.middleware.flask_app]  304 /webassets/vendor/f3b8236b_select2.css render time 0.006 seconds
2022-09-23 03:11:27,265 INFO  [ckan.config.middleware.flask_app]  304 /webassets/vendor/0b01aef1_font-awesome.css render time 0.004 seconds
2022-09-23 03:11:27,275 INFO  [ckan.config.middleware.flask_app]  304 /webassets/vendor/d8ae4bed_jquery.js render time 0.007 seconds
2022-09-23 03:11:27,282 INFO  [ckan.config.middleware.flask_app]  304 /webassets/vendor/fb6095a0_vendor.js render time 0.005 seconds
2022-09-23 03:11:27,505 INFO  [ckan.config.middleware.flask_app]  304 /webassets/base/15a18f6c_main.js render time 0.004 seconds
2022-09-23 03:11:27,512 INFO  [ckan.config.middleware.flask_app]  304 /webassets/vendor/580fa18d_bootstrap.js render time 0.005 seconds
2022-09-23 03:11:27,521 INFO  [ckan.config.middleware.flask_app]  304 /webassets/base/266988e1_ckan.js render time 0.006 seconds
2022-09-23 03:11:27,528 INFO  [ckan.config.middleware.flask_app]  304 /webassets/visualize/2042e6ba_chart.bundle.js render time 0.004 seconds
2022-09-23 03:11:27,533 INFO  [ckan.config.middleware.flask_app]  304 /webassets/visualize/6f1c27cd_sortable.js render time 0.003 seconds
2022-09-23 03:11:27,542 INFO  [ckan.config.middleware.flask_app]  304 /webassets/visualize/56e48d58_backend.ckan.js render time 0.007 seconds
2022-09-23 03:11:27,768 INFO  [ckan.config.middleware.flask_app]  304 /webassets/visualize/8f189956_visualize-data.js render time 0.007 seconds
2022-09-23 03:11:27,776 INFO  [ckan.config.middleware.flask_app]  304 /webassets/ckanext-pdae_theme/708d062b_pdae_theme_navbar.js render time 0.004 seconds
2022-09-23 03:11:27,784 INFO  [ckan.config.middleware.flask_app]  200 /webassets/ckanext-pdae_theme/905c98f3_pdae_theme_swiper.js render time 0.005 seconds
2022-09-23 03:11:28,047 INFO  [ckan.config.middleware.flask_app]  200 /webassets/ckanext-pdae_theme/b2d8e2d7_pdae_theme_slider.js render time 0.004 seconds
2022-09-23 03:11:28,053 INFO  [ckan.config.middleware.flask_app]  200 /uploads/group/2022-09-16-022905.273200Mesa-de-trabajo-1-copia-3.png render time 0.004 seconds
2022-09-23 03:11:28,060 INFO  [ckan.config.middleware.flask_app]  304 /images/GIZ.png render time 0.004 seconds
2022-09-23 03:11:28,066 INFO  [ckan.config.middleware.flask_app]  304 /images/datalat.png render time 0.004 seconds
2022-09-23 03:11:28,519 INFO  [ckan.config.middleware.flask_app]  200 /api/i18n/es render time 0.007 seconds
2022-09-23 03:11:44,354 INFO  [ckan.config.middleware.flask_app]  200 /dataset/ render time 0.081 seconds
2022-09-23 03:11:44,572 INFO  [ckan.config.middleware.flask_app]  304 /webassets/base/6ab3ede7_main.css render time 0.005 seconds
2022-09-23 03:11:44,696 INFO  [ckan.config.middleware.flask_app]  304 /webassets/visualize/a46332f9_visualize_main.css render time 0.007 seconds
2022-09-23 03:11:44,718 INFO  [ckan.config.middleware.flask_app]  304 /images/logo_cuenca_m_1.png render time 0.007 seconds
2022-09-23 03:11:44,873 INFO  [ckan.config.middleware.flask_app]  304 /webassets/ckanext-pdae_theme/adc425d4_pdae_theme.css render time 0.008 seconds
2022-09-23 03:11:44,885 INFO  [ckan.config.middleware.flask_app]  304 /webassets/vendor/f3b8236b_select2.css render time 0.007 seconds
2022-09-23 03:11:44,893 INFO  [ckan.config.middleware.flask_app]  304 /webassets/vendor/0b01aef1_font-awesome.css render time 0.004 seconds
2022-09-23 03:11:44,900 INFO  [ckan.config.middleware.flask_app]  304 /webassets/vendor/d8ae4bed_jquery.js render time 0.004 seconds
2022-09-23 03:11:44,946 INFO  [ckan.config.middleware.flask_app]  304 /images/GIZ.png render time 0.007 seconds
2022-09-23 03:11:44,972 INFO  [ckan.config.middleware.flask_app]  304 /images/datalat.png render time 0.005 seconds
2022-09-23 03:11:45,125 INFO  [ckan.config.middleware.flask_app]  304 /webassets/vendor/fb6095a0_vendor.js render time 0.005 seconds
2022-09-23 03:11:45,139 INFO  [ckan.config.middleware.flask_app]  304 /webassets/vendor/580fa18d_bootstrap.js render time 0.006 seconds
2022-09-23 03:11:45,153 INFO  [ckan.config.middleware.flask_app]  304 /webassets/base/15a18f6c_main.js render time 0.006 seconds
2022-09-23 03:11:45,166 INFO  [ckan.config.middleware.flask_app]  304 /webassets/base/266988e1_ckan.js render time 0.006 seconds
2022-09-23 03:11:45,208 INFO  [ckan.config.middleware.flask_app]  304 /webassets/visualize/2042e6ba_chart.bundle.js render time 0.006 seconds
2022-09-23 03:11:45,227 INFO  [ckan.config.middleware.flask_app]  304 /webassets/visualize/6f1c27cd_sortable.js render time 0.005 seconds
2022-09-23 03:11:45,376 INFO  [ckan.config.middleware.flask_app]  304 /webassets/visualize/56e48d58_backend.ckan.js render time 0.005 seconds
2022-09-23 03:11:45,395 INFO  [ckan.config.middleware.flask_app]  304 /webassets/visualize/8f189956_visualize-data.js render time 0.005 seconds
2022-09-23 03:11:45,415 INFO  [ckan.config.middleware.flask_app]  304 /webassets/ckanext-pdae_theme/708d062b_pdae_theme_navbar.js render time 0.006 seconds
2022-09-23 03:11:45,681 INFO  [ckan.config.middleware.flask_app]  200 /api/i18n/es render time 0.006 seconds
2022-09-23 03:12:10,442 INFO  [ckan.config.middleware.flask_app]  200 /dataset/datalatest render time 0.262 seconds
2022-09-23 03:12:10,704 INFO  [ckan.config.middleware.flask_app]  304 /webassets/base/6ab3ede7_main.css render time 0.006 seconds
2022-09-23 03:12:10,820 INFO  [ckan.config.middleware.flask_app]  304 /webassets/visualize/a46332f9_visualize_main.css render time 0.005 seconds
2022-09-23 03:12:10,853 INFO  [ckan.config.middleware.flask_app]  304 /webassets/ckanext-pdae_theme/adc425d4_pdae_theme.css render time 0.005 seconds
2022-09-23 03:12:10,899 INFO  [ckan.config.middleware.flask_app]  304 /images/logo_cuenca_m_1.png render time 0.007 seconds
2022-09-23 03:12:10,908 INFO  [ckan.config.middleware.flask_app]  304 /webassets/vendor/f3b8236b_select2.css render time 0.005 seconds
2022-09-23 03:12:10,916 INFO  [ckan.config.middleware.flask_app]  304 /images/GIZ.png render time 0.005 seconds
2022-09-23 03:12:10,981 INFO  [ckan.config.middleware.flask_app]  304 /webassets/vendor/0b01aef1_font-awesome.css render time 0.004 seconds
2022-09-23 03:12:11,074 INFO  [ckan.config.middleware.flask_app]  200 /base/images/sprite-resource-icons.png render time 0.005 seconds
2022-09-23 03:12:11,562 INFO  [ckan.config.middleware.flask_app]  304 /webassets/vendor/d8ae4bed_jquery.js render time 0.005 seconds
2022-09-23 03:12:11,570 INFO  [ckan.config.middleware.flask_app]  304 /webassets/vendor/fb6095a0_vendor.js render time 0.005 seconds
2022-09-23 03:12:11,577 INFO  [ckan.config.middleware.flask_app]  304 /webassets/vendor/580fa18d_bootstrap.js render time 0.004 seconds
2022-09-23 03:12:11,584 INFO  [ckan.config.middleware.flask_app]  304 /webassets/base/15a18f6c_main.js render time 0.005 seconds
2022-09-23 03:12:11,594 INFO  [ckan.config.middleware.flask_app]  304 /images/datalat.png render time 0.007 seconds
2022-09-23 03:12:11,829 INFO  [ckan.config.middleware.flask_app]  304 /webassets/base/266988e1_ckan.js render time 0.005 seconds
2022-09-23 03:12:11,840 INFO  [ckan.config.middleware.flask_app]  304 /webassets/visualize/2042e6ba_chart.bundle.js render time 0.005 seconds
2022-09-23 03:12:11,846 INFO  [ckan.config.middleware.flask_app]  304 /webassets/visualize/56e48d58_backend.ckan.js render time 0.004 seconds
2022-09-23 03:12:11,854 INFO  [ckan.config.middleware.flask_app]  304 /webassets/visualize/6f1c27cd_sortable.js render time 0.005 seconds
2022-09-23 03:12:11,861 INFO  [ckan.config.middleware.flask_app]  304 /webassets/visualize/8f189956_visualize-data.js render time 0.004 seconds
2022-09-23 03:12:11,868 INFO  [ckan.config.middleware.flask_app]  304 /webassets/ckanext-pdae_theme/708d062b_pdae_theme_navbar.js render time 0.004 seconds
2022-09-23 03:12:12,248 INFO  [ckan.config.middleware.flask_app]  200 /api/i18n/es render time 0.005 seconds
2022-09-23 03:12:15,843 INFO  [ckan.config.middleware.flask_app]  200 /dataset/datalatest/resource/61e5157f-eb14-4d82-9ae3-8726408a9644 render time 0.190 seconds
2022-09-23 03:12:16,086 INFO  [ckan.config.middleware.flask_app]  304 /webassets/base/6ab3ede7_main.css render time 0.005 seconds
2022-09-23 03:12:16,216 INFO  [ckan.config.middleware.flask_app]  304 /webassets/visualize/a46332f9_visualize_main.css render time 0.012 seconds
2022-09-23 03:12:16,224 INFO  [ckan.config.middleware.flask_app]  304 /webassets/ckanext-pdae_theme/adc425d4_pdae_theme.css render time 0.005 seconds
2022-09-23 03:12:16,308 INFO  [ckan.config.middleware.flask_app]  304 /images/logo_cuenca_m_1.png render time 0.009 seconds
2022-09-23 03:12:16,753 INFO  [ckan.config.middleware.flask_app]  304 /webassets/vendor/f3b8236b_select2.css render time 0.004 seconds
2022-09-23 03:12:16,762 INFO  [ckan.config.middleware.flask_app]  304 /images/GIZ.png render time 0.006 seconds
2022-09-23 03:12:16,769 INFO  [ckan.config.middleware.flask_app]  304 /webassets/vendor/0b01aef1_font-awesome.css render time 0.005 seconds
2022-09-23 03:12:16,778 INFO  [ckan.config.middleware.flask_app]  304 /webassets/vendor/fb6095a0_vendor.js render time 0.005 seconds
2022-09-23 03:12:16,787 INFO  [ckan.config.middleware.flask_app]  304 /webassets/vendor/d8ae4bed_jquery.js render time 0.005 seconds
2022-09-23 03:12:16,796 INFO  [ckan.config.middleware.flask_app]  304 /images/datalat.png render time 0.006 seconds
2022-09-23 03:12:17,002 INFO  [ckan.config.middleware.flask_app]  304 /webassets/vendor/580fa18d_bootstrap.js render time 0.005 seconds
2022-09-23 03:12:17,033 INFO  [ckan.config.middleware.flask_app]  304 /webassets/base/15a18f6c_main.js render time 0.005 seconds
2022-09-23 03:12:17,040 INFO  [ckan.config.middleware.flask_app]  304 /webassets/base/266988e1_ckan.js render time 0.005 seconds
2022-09-23 03:12:17,048 INFO  [ckan.config.middleware.flask_app]  304 /webassets/visualize/2042e6ba_chart.bundle.js render time 0.005 seconds
2022-09-23 03:12:17,068 INFO  [ckan.config.middleware.flask_app]  304 /webassets/visualize/6f1c27cd_sortable.js render time 0.009 seconds
2022-09-23 03:12:17,077 INFO  [ckan.config.middleware.flask_app]  304 /webassets/visualize/56e48d58_backend.ckan.js render time 0.006 seconds
2022-09-23 03:12:17,259 INFO  [ckan.config.middleware.flask_app]  304 /webassets/visualize/8f189956_visualize-data.js render time 0.006 seconds
2022-09-23 03:12:17,287 INFO  [ckan.config.middleware.flask_app]  304 /webassets/ckanext-pdae_theme/708d062b_pdae_theme_navbar.js render time 0.006 seconds
2022-09-23 03:12:17,588 INFO  [ckan.config.middleware.flask_app]  200 /api/i18n/es render time 0.006 seconds
2022-09-23 03:12:17,748 INFO  [ckan.config.middleware.flask_app]  200 /base/images/table-seperator.png render time 0.006 seconds
2022-09-23 03:12:20,642 INFO  [ckan.config.middleware.flask_app]  200 /dataset/datalatest/resource/61e5157f-eb14-4d82-9ae3-8726408a9644 render time 0.055 seconds
2022-09-23 03:12:20,898 INFO  [ckan.config.middleware.flask_app]  304 /webassets/base/6ab3ede7_main.css render time 0.005 seconds
2022-09-23 03:12:21,025 INFO  [ckan.config.middleware.flask_app]  304 /webassets/visualize/a46332f9_visualize_main.css render time 0.005 seconds
2022-09-23 03:12:21,034 INFO  [ckan.config.middleware.flask_app]  304 /webassets/ckanext-pdae_theme/adc425d4_pdae_theme.css render time 0.006 seconds
2022-09-23 03:12:21,046 INFO  [ckan.config.middleware.flask_app]  304 /webassets/vendor/f3b8236b_select2.css render time 0.004 seconds
2022-09-23 03:12:21,057 INFO  [ckan.config.middleware.flask_app]  304 /images/logo_cuenca_m_1.png render time 0.004 seconds
2022-09-23 03:12:21,067 INFO  [ckan.config.middleware.flask_app]  304 /images/GIZ.png render time 0.006 seconds
2022-09-23 03:12:21,154 INFO  [ckan.config.middleware.flask_app]  304 /images/datalat.png render time 0.006 seconds
2022-09-23 03:12:21,286 INFO  [ckan.config.middleware.flask_app]  304 /webassets/vendor/0b01aef1_font-awesome.css render time 0.005 seconds
2022-09-23 03:12:21,293 INFO  [ckan.config.middleware.flask_app]  304 /webassets/vendor/d8ae4bed_jquery.js render time 0.004 seconds
2022-09-23 03:12:21,299 INFO  [ckan.config.middleware.flask_app]  304 /webassets/vendor/fb6095a0_vendor.js render time 0.004 seconds
2022-09-23 03:12:21,318 INFO  [ckan.config.middleware.flask_app]  304 /webassets/vendor/580fa18d_bootstrap.js render time 0.005 seconds
2022-09-23 03:12:21,333 INFO  [ckan.config.middleware.flask_app]  304 /webassets/base/15a18f6c_main.js render time 0.004 seconds
2022-09-23 03:12:21,405 INFO  [ckan.config.middleware.flask_app]  304 /webassets/base/266988e1_ckan.js render time 0.004 seconds
2022-09-23 03:12:21,542 INFO  [ckan.config.middleware.flask_app]  304 /webassets/visualize/2042e6ba_chart.bundle.js render time 0.005 seconds
2022-09-23 03:12:21,551 INFO  [ckan.config.middleware.flask_app]  304 /webassets/visualize/6f1c27cd_sortable.js render time 0.006 seconds
2022-09-23 03:12:21,558 INFO  [ckan.config.middleware.flask_app]  304 /webassets/visualize/56e48d58_backend.ckan.js render time 0.004 seconds
2022-09-23 03:12:21,595 INFO  [ckan.config.middleware.flask_app]  304 /webassets/visualize/8f189956_visualize-data.js render time 0.005 seconds
2022-09-23 03:12:21,601 INFO  [ckan.config.middleware.flask_app]  304 /webassets/ckanext-pdae_theme/708d062b_pdae_theme_navbar.js render time 0.004 seconds
2022-09-23 03:12:21,862 INFO  [ckan.config.middleware.flask_app]  200 /api/i18n/es render time 0.005 seconds
2022-09-23 03:12:22,302 INFO  [ckan.config.middleware.flask_app]  200 /dataset/datalatest/resource/61e5157f-eb14-4d82-9ae3-8726408a9644 render time 0.057 seconds
2022-09-23 03:12:22,500 INFO  [ckan.config.middleware.flask_app]  304 /webassets/base/6ab3ede7_main.css render time 0.008 seconds
2022-09-23 03:12:22,616 INFO  [ckan.config.middleware.flask_app]  304 /webassets/visualize/a46332f9_visualize_main.css render time 0.008 seconds
2022-09-23 03:12:22,641 INFO  [ckan.config.middleware.flask_app]  304 /webassets/ckanext-pdae_theme/adc425d4_pdae_theme.css render time 0.007 seconds
2022-09-23 03:12:22,718 INFO  [ckan.config.middleware.flask_app]  304 /webassets/vendor/f3b8236b_select2.css render time 0.007 seconds
2022-09-23 03:12:22,728 INFO  [ckan.config.middleware.flask_app]  304 /images/logo_cuenca_m_1.png render time 0.007 seconds
2022-09-23 03:12:22,740 INFO  [ckan.config.middleware.flask_app]  304 /images/GIZ.png render time 0.008 seconds
2022-09-23 03:12:22,749 INFO  [ckan.config.middleware.flask_app]  304 /images/datalat.png render time 0.005 seconds
2022-09-23 03:12:22,884 INFO  [ckan.config.middleware.flask_app]  304 /webassets/vendor/0b01aef1_font-awesome.css render time 0.005 seconds
2022-09-23 03:12:22,895 INFO  [ckan.config.middleware.flask_app]  304 /webassets/vendor/d8ae4bed_jquery.js render time 0.007 seconds
2022-09-23 03:12:22,978 INFO  [ckan.config.middleware.flask_app]  304 /webassets/vendor/fb6095a0_vendor.js render time 0.007 seconds
2022-09-23 03:12:22,989 INFO  [ckan.config.middleware.flask_app]  304 /webassets/vendor/580fa18d_bootstrap.js render time 0.005 seconds
2022-09-23 03:12:23,005 INFO  [ckan.config.middleware.flask_app]  304 /webassets/base/15a18f6c_main.js render time 0.008 seconds
2022-09-23 03:12:23,013 INFO  [ckan.config.middleware.flask_app]  304 /webassets/base/266988e1_ckan.js render time 0.005 seconds
2022-09-23 03:12:23,162 INFO  [ckan.config.middleware.flask_app]  304 /webassets/visualize/2042e6ba_chart.bundle.js render time 0.005 seconds
2022-09-23 03:12:23,168 INFO  [ckan.config.middleware.flask_app]  304 /webassets/visualize/6f1c27cd_sortable.js render time 0.004 seconds
2022-09-23 03:12:23,273 INFO  [ckan.config.middleware.flask_app]  304 /webassets/visualize/56e48d58_backend.ckan.js render time 0.004 seconds
2022-09-23 03:12:23,280 INFO  [ckan.config.middleware.flask_app]  304 /webassets/visualize/8f189956_visualize-data.js render time 0.004 seconds
2022-09-23 03:12:23,290 INFO  [ckan.config.middleware.flask_app]  304 /webassets/ckanext-pdae_theme/708d062b_pdae_theme_navbar.js render time 0.007 seconds
2022-09-23 03:12:23,552 INFO  [ckan.config.middleware.flask_app]  200 /api/i18n/es render time 0.006 seconds
2022-09-23 03:12:30,827 INFO  [ckan.config.middleware.flask_app]  200 / render time 0.224 seconds
2022-09-23 03:12:31,066 INFO  [ckan.config.middleware.flask_app]  304 /webassets/base/6ab3ede7_main.css render time 0.006 seconds
2022-09-23 03:12:31,200 INFO  [ckan.config.middleware.flask_app]  304 /webassets/visualize/a46332f9_visualize_main.css render time 0.007 seconds
2022-09-23 03:12:31,368 INFO  [ckan.config.middleware.flask_app]  200 /group render time 0.156 seconds
2022-09-23 03:12:31,376 INFO  [ckan.config.middleware.flask_app]  304 /images/logo_cuenca_m_1.png render time 0.005 seconds
2022-09-23 03:12:31,383 INFO  [ckan.config.middleware.flask_app]  304 /uploads/group/2022-09-16-022827.248727Mesa-de-trabajo-1-copia-2.png render time 0.004 seconds
2022-09-23 03:12:31,389 INFO  [ckan.config.middleware.flask_app]  304 /uploads/group/2022-09-16-022632.621585Mesa-de-trabajo-1-copia-10.png render time 0.004 seconds
2022-09-23 03:12:31,396 INFO  [ckan.config.middleware.flask_app]  304 /uploads/group/2022-09-16-022650.937333Mesa-de-trabajo-1-copia-5.png render time 0.004 seconds
2022-09-23 03:12:31,474 INFO  [ckan.config.middleware.flask_app]  304 /uploads/group/2022-09-16-022844.275881Mesa-de-trabajo-1-copia-4.png render time 0.008 seconds
2022-09-23 03:12:31,625 INFO  [ckan.config.middleware.flask_app]  304 /webassets/base/6ab3ede7_main.css render time 0.006 seconds
2022-09-23 03:12:31,656 INFO  [ckan.config.middleware.flask_app]  304 /webassets/visualize/a46332f9_visualize_main.css render time 0.006 seconds
2022-09-23 03:12:31,663 INFO  [ckan.config.middleware.flask_app]  304 /images/logo_cuenca_m_1.png render time 0.005 seconds
2022-09-23 03:12:31,689 INFO  [ckan.config.middleware.flask_app]  304 /uploads/group/2022-09-16-022827.248727Mesa-de-trabajo-1-copia-2.png render time 0.015 seconds
2022-09-23 03:12:31,733 INFO  [ckan.config.middleware.flask_app]  304 /webassets/ckanext-pdae_theme/adc425d4_pdae_theme.css render time 0.005 seconds
2022-09-23 03:12:31,742 INFO  [ckan.config.middleware.flask_app]  304 /webassets/vendor/f3b8236b_select2.css render time 0.006 seconds
2022-09-23 03:12:31,887 INFO  [ckan.config.middleware.flask_app]  304 /webassets/vendor/0b01aef1_font-awesome.css render time 0.005 seconds
2022-09-23 03:12:31,901 INFO  [ckan.config.middleware.flask_app]  304 /webassets/vendor/d8ae4bed_jquery.js render time 0.006 seconds
2022-09-23 03:12:31,916 INFO  [ckan.config.middleware.flask_app]  304 /webassets/vendor/fb6095a0_vendor.js render time 0.004 seconds
2022-09-23 03:12:31,954 INFO  [ckan.config.middleware.flask_app]  304 /webassets/vendor/580fa18d_bootstrap.js render time 0.005 seconds
2022-09-23 03:12:31,986 INFO  [ckan.config.middleware.flask_app]  304 /webassets/base/15a18f6c_main.js render time 0.005 seconds
2022-09-23 03:12:31,997 INFO  [ckan.config.middleware.flask_app]  304 /webassets/base/266988e1_ckan.js render time 0.007 seconds
2022-09-23 03:12:32,150 INFO  [ckan.config.middleware.flask_app]  304 /webassets/visualize/2042e6ba_chart.bundle.js render time 0.005 seconds
2022-09-23 03:12:32,159 INFO  [ckan.config.middleware.flask_app]  304 /webassets/visualize/6f1c27cd_sortable.js render time 0.007 seconds
2022-09-23 03:12:32,182 INFO  [ckan.config.middleware.flask_app]  304 /webassets/visualize/56e48d58_backend.ckan.js render time 0.006 seconds
2022-09-23 03:12:32,225 INFO  [ckan.config.middleware.flask_app]  304 /webassets/visualize/8f189956_visualize-data.js render time 0.006 seconds
2022-09-23 03:12:32,246 INFO  [ckan.config.middleware.flask_app]  304 /webassets/ckanext-pdae_theme/708d062b_pdae_theme_navbar.js render time 0.004 seconds
2022-09-23 03:12:32,257 INFO  [ckan.config.middleware.flask_app]  304 /uploads/group/2022-09-16-022632.621585Mesa-de-trabajo-1-copia-10.png render time 0.004 seconds
2022-09-23 03:12:32,405 INFO  [ckan.config.middleware.flask_app]  200 /api/i18n/es render time 0.004 seconds
2022-09-23 03:12:32,420 INFO  [ckan.config.middleware.flask_app]  304 /uploads/group/2022-09-16-022650.937333Mesa-de-trabajo-1-copia-5.png render time 0.004 seconds
2022-09-23 03:12:32,446 INFO  [ckan.config.middleware.flask_app]  200 /uploads/group/2022-09-16-022844.275881Mesa-de-trabajo-1-copia-4.png render time 0.006 seconds
2022-09-23 03:12:32,488 INFO  [ckan.config.middleware.flask_app]  200 /uploads/group/2022-09-16-022905.273200Mesa-de-trabajo-1-copia-3.png render time 0.006 seconds
2022-09-23 03:12:32,551 INFO  [ckan.config.middleware.flask_app]  304 /images/GIZ.png render time 0.005 seconds
2022-09-23 03:12:32,559 INFO  [ckan.config.middleware.flask_app]  304 /images/datalat.png render time 0.005 seconds
2022-09-23 03:12:35,648 INFO  [ckan.config.middleware.flask_app]  200 /group/ render time 0.099 seconds
2022-09-23 03:12:35,959 INFO  [ckan.config.middleware.flask_app]  304 /webassets/base/6ab3ede7_main.css render time 0.007 seconds
2022-09-23 03:12:36,104 INFO  [ckan.config.middleware.flask_app]  304 /webassets/visualize/a46332f9_visualize_main.css render time 0.006 seconds
2022-09-23 03:12:36,166 INFO  [ckan.config.middleware.flask_app]  304 /webassets/vendor/f3b8236b_select2.css render time 0.006 seconds
2022-09-23 03:12:36,175 INFO  [ckan.config.middleware.flask_app]  304 /uploads/group/2022-09-16-022827.248727Mesa-de-trabajo-1-copia-2.png render time 0.005 seconds
2022-09-23 03:12:36,184 INFO  [ckan.config.middleware.flask_app]  304 /images/logo_cuenca_m_1.png render time 0.007 seconds
2022-09-23 03:12:36,192 INFO  [ckan.config.middleware.flask_app]  304 /webassets/ckanext-pdae_theme/adc425d4_pdae_theme.css render time 0.005 seconds
2022-09-23 03:12:36,241 INFO  [ckan.config.middleware.flask_app]  304 /webassets/vendor/0b01aef1_font-awesome.css render time 0.007 seconds
2022-09-23 03:12:36,369 INFO  [ckan.config.middleware.flask_app]  304 /webassets/vendor/d8ae4bed_jquery.js render time 0.005 seconds
2022-09-23 03:12:36,424 INFO  [ckan.config.middleware.flask_app]  304 /webassets/vendor/fb6095a0_vendor.js render time 0.009 seconds
2022-09-23 03:12:36,429 INFO  [ckan.config.middleware.flask_app]  304 /webassets/vendor/580fa18d_bootstrap.js render time 0.003 seconds
2022-09-23 03:12:36,445 INFO  [ckan.config.middleware.flask_app]  304 /webassets/base/15a18f6c_main.js render time 0.005 seconds
2022-09-23 03:12:36,452 INFO  [ckan.config.middleware.flask_app]  304 /webassets/base/266988e1_ckan.js render time 0.004 seconds
2022-09-23 03:12:36,515 INFO  [ckan.config.middleware.flask_app]  304 /webassets/visualize/2042e6ba_chart.bundle.js render time 0.006 seconds
2022-09-23 03:12:36,634 INFO  [ckan.config.middleware.flask_app]  304 /webassets/visualize/6f1c27cd_sortable.js render time 0.005 seconds
2022-09-23 03:12:36,680 INFO  [ckan.config.middleware.flask_app]  304 /webassets/visualize/56e48d58_backend.ckan.js render time 0.006 seconds
2022-09-23 03:12:36,688 INFO  [ckan.config.middleware.flask_app]  304 /webassets/visualize/8f189956_visualize-data.js render time 0.004 seconds
2022-09-23 03:12:36,693 INFO  [ckan.config.middleware.flask_app]  304 /webassets/ckanext-pdae_theme/708d062b_pdae_theme_navbar.js render time 0.004 seconds
2022-09-23 03:12:36,731 INFO  [ckan.config.middleware.flask_app]  304 /uploads/group/2022-09-16-022632.621585Mesa-de-trabajo-1-copia-10.png render time 0.004 seconds
2022-09-23 03:12:36,769 INFO  [ckan.config.middleware.flask_app]  304 /uploads/group/2022-09-16-022650.937333Mesa-de-trabajo-1-copia-5.png render time 0.006 seconds
2022-09-23 03:12:36,896 INFO  [ckan.config.middleware.flask_app]  200 /api/i18n/es render time 0.005 seconds
2022-09-23 03:12:36,937 INFO  [ckan.config.middleware.flask_app]  304 /uploads/group/2022-09-16-022844.275881Mesa-de-trabajo-1-copia-4.png render time 0.007 seconds
2022-09-23 03:12:36,945 INFO  [ckan.config.middleware.flask_app]  304 /uploads/group/2022-09-16-022905.273200Mesa-de-trabajo-1-copia-3.png render time 0.004 seconds
2022-09-23 03:12:36,951 INFO  [ckan.config.middleware.flask_app]  304 /images/GIZ.png render time 0.004 seconds
2022-09-23 03:12:37,009 INFO  [ckan.config.middleware.flask_app]  304 /images/datalat.png render time 0.016 seconds
2022-09-23 03:12:38,802 INFO  [ckan.config.middleware.flask_app]  200 /group render time 0.109 seconds
2022-09-23 03:12:39,065 INFO  [ckan.config.middleware.flask_app]  304 /webassets/base/6ab3ede7_main.css render time 0.007 seconds
2022-09-23 03:12:39,188 INFO  [ckan.config.middleware.flask_app]  304 /webassets/visualize/a46332f9_visualize_main.css render time 0.006 seconds
2022-09-23 03:12:39,197 INFO  [ckan.config.middleware.flask_app]  304 /images/logo_cuenca_m_1.png render time 0.007 seconds
2022-09-23 03:12:39,206 INFO  [ckan.config.middleware.flask_app]  304 /uploads/group/2022-09-16-022827.248727Mesa-de-trabajo-1-copia-2.png render time 0.006 seconds
2022-09-23 03:12:39,228 INFO  [ckan.config.middleware.flask_app]  304 /webassets/ckanext-pdae_theme/adc425d4_pdae_theme.css render time 0.006 seconds
2022-09-23 03:12:39,236 INFO  [ckan.config.middleware.flask_app]  304 /webassets/vendor/f3b8236b_select2.css render time 0.005 seconds
2022-09-23 03:12:39,329 INFO  [ckan.config.middleware.flask_app]  304 /webassets/vendor/0b01aef1_font-awesome.css render time 0.005 seconds
2022-09-23 03:12:39,446 INFO  [ckan.config.middleware.flask_app]  304 /webassets/vendor/d8ae4bed_jquery.js render time 0.005 seconds
2022-09-23 03:12:39,469 INFO  [ckan.config.middleware.flask_app]  304 /webassets/vendor/fb6095a0_vendor.js render time 0.004 seconds
2022-09-23 03:12:39,475 INFO  [ckan.config.middleware.flask_app]  304 /webassets/vendor/580fa18d_bootstrap.js render time 0.004 seconds
2022-09-23 03:12:39,490 INFO  [ckan.config.middleware.flask_app]  304 /webassets/base/15a18f6c_main.js render time 0.006 seconds
2022-09-23 03:12:39,496 INFO  [ckan.config.middleware.flask_app]  304 /webassets/base/266988e1_ckan.js render time 0.004 seconds
2022-09-23 03:12:39,585 INFO  [ckan.config.middleware.flask_app]  304 /webassets/visualize/2042e6ba_chart.bundle.js render time 0.005 seconds
2022-09-23 03:12:39,744 INFO  [ckan.config.middleware.flask_app]  304 /webassets/visualize/6f1c27cd_sortable.js render time 0.005 seconds
2022-09-23 03:12:39,757 INFO  [ckan.config.middleware.flask_app]  304 /webassets/visualize/56e48d58_backend.ckan.js render time 0.008 seconds
2022-09-23 03:12:39,764 INFO  [ckan.config.middleware.flask_app]  304 /webassets/visualize/8f189956_visualize-data.js render time 0.004 seconds
2022-09-23 03:12:39,771 INFO  [ckan.config.middleware.flask_app]  304 /webassets/ckanext-pdae_theme/708d062b_pdae_theme_navbar.js render time 0.005 seconds
2022-09-23 03:12:39,783 INFO  [ckan.config.middleware.flask_app]  304 /uploads/group/2022-09-16-022632.621585Mesa-de-trabajo-1-copia-10.png render time 0.008 seconds
2022-09-23 03:12:39,881 INFO  [ckan.config.middleware.flask_app]  304 /uploads/group/2022-09-16-022650.937333Mesa-de-trabajo-1-copia-5.png render time 0.006 seconds
2022-09-23 03:12:39,999 INFO  [ckan.config.middleware.flask_app]  200 /api/i18n/es render time 0.008 seconds
2022-09-23 03:12:40,018 INFO  [ckan.config.middleware.flask_app]  304 /uploads/group/2022-09-16-022844.275881Mesa-de-trabajo-1-copia-4.png render time 0.005 seconds
2022-09-23 03:12:40,026 INFO  [ckan.config.middleware.flask_app]  304 /uploads/group/2022-09-16-022905.273200Mesa-de-trabajo-1-copia-3.png render time 0.005 seconds
2022-09-23 03:12:40,034 INFO  [ckan.config.middleware.flask_app]  304 /images/GIZ.png render time 0.005 seconds
2022-09-23 03:12:40,042 INFO  [ckan.config.middleware.flask_app]  304 /images/datalat.png render time 0.005 seconds
2022-09-23 03:12:55,320 INFO  [ckan.config.middleware.flask_app]  200 / render time 0.230 seconds
2022-09-23 03:12:55,571 INFO  [ckan.config.middleware.flask_app]  200 / render time 0.247 seconds
2022-09-23 03:12:55,839 INFO  [ckan.config.middleware.flask_app]  200 / render time 0.265 seconds
2022-09-23 03:12:56,071 INFO  [ckan.config.middleware.flask_app]  304 /webassets/base/6ab3ede7_main.css render time 0.006 seconds
2022-09-23 03:12:56,209 INFO  [ckan.config.middleware.flask_app]  304 /webassets/visualize/a46332f9_visualize_main.css render time 0.010 seconds
2022-09-23 03:12:56,217 INFO  [ckan.config.middleware.flask_app]  304 /images/logo_cuenca_m_1.png render time 0.005 seconds
2022-09-23 03:12:56,224 INFO  [ckan.config.middleware.flask_app]  304 /uploads/group/2022-09-16-022827.248727Mesa-de-trabajo-1-copia-2.png render time 0.005 seconds
2022-09-23 03:12:56,232 INFO  [ckan.config.middleware.flask_app]  304 /uploads/group/2022-09-16-022632.621585Mesa-de-trabajo-1-copia-10.png render time 0.006 seconds
2022-09-23 03:12:56,329 INFO  [ckan.config.middleware.flask_app]  304 /webassets/ckanext-pdae_theme/adc425d4_pdae_theme.css render time 0.008 seconds
2022-09-23 03:12:56,751 INFO  [ckan.config.middleware.flask_app]  304 /uploads/group/2022-09-16-022650.937333Mesa-de-trabajo-1-copia-5.png render time 0.006 seconds
2022-09-23 03:12:56,760 INFO  [ckan.config.middleware.flask_app]  304 /webassets/ckanext-pdae_theme/7be2acbb_pdae_theme_swiper.css render time 0.005 seconds
2022-09-23 03:12:56,769 INFO  [ckan.config.middleware.flask_app]  304 /webassets/vendor/f3b8236b_select2.css render time 0.006 seconds
2022-09-23 03:12:56,777 INFO  [ckan.config.middleware.flask_app]  304 /webassets/vendor/0b01aef1_font-awesome.css render time 0.005 seconds
2022-09-23 03:12:56,785 INFO  [ckan.config.middleware.flask_app]  304 /webassets/vendor/d8ae4bed_jquery.js render time 0.005 seconds
2022-09-23 03:12:56,793 INFO  [ckan.config.middleware.flask_app]  304 /uploads/group/2022-09-16-022844.275881Mesa-de-trabajo-1-copia-4.png render time 0.005 seconds
2022-09-23 03:12:57,010 INFO  [ckan.config.middleware.flask_app]  304 /webassets/vendor/fb6095a0_vendor.js render time 0.005 seconds
2022-09-23 03:12:57,027 INFO  [ckan.config.middleware.flask_app]  304 /webassets/vendor/580fa18d_bootstrap.js render time 0.004 seconds
2022-09-23 03:12:57,049 INFO  [ckan.config.middleware.flask_app]  304 /webassets/base/15a18f6c_main.js render time 0.005 seconds
2022-09-23 03:12:57,057 INFO  [ckan.config.middleware.flask_app]  304 /webassets/base/266988e1_ckan.js render time 0.005 seconds
2022-09-23 03:12:57,066 INFO  [ckan.config.middleware.flask_app]  304 /webassets/visualize/2042e6ba_chart.bundle.js render time 0.006 seconds
2022-09-23 03:12:57,074 INFO  [ckan.config.middleware.flask_app]  304 /webassets/visualize/6f1c27cd_sortable.js render time 0.006 seconds
2022-09-23 03:12:57,287 INFO  [ckan.config.middleware.flask_app]  304 /webassets/visualize/56e48d58_backend.ckan.js render time 0.007 seconds
2022-09-23 03:12:57,296 INFO  [ckan.config.middleware.flask_app]  304 /webassets/visualize/8f189956_visualize-data.js render time 0.006 seconds
2022-09-23 03:12:57,318 INFO  [ckan.config.middleware.flask_app]  304 /webassets/ckanext-pdae_theme/708d062b_pdae_theme_navbar.js render time 0.008 seconds
2022-09-23 03:12:57,324 INFO  [ckan.config.middleware.flask_app]  304 /webassets/ckanext-pdae_theme/905c98f3_pdae_theme_swiper.js render time 0.004 seconds
2022-09-23 03:12:57,330 INFO  [ckan.config.middleware.flask_app]  304 /webassets/ckanext-pdae_theme/b2d8e2d7_pdae_theme_slider.js render time 0.004 seconds
2022-09-23 03:12:57,338 INFO  [ckan.config.middleware.flask_app]  304 /uploads/group/2022-09-16-022905.273200Mesa-de-trabajo-1-copia-3.png render time 0.005 seconds
2022-09-23 03:12:57,562 INFO  [ckan.config.middleware.flask_app]  200 /api/i18n/es render time 0.006 seconds
2022-09-23 03:12:57,574 INFO  [ckan.config.middleware.flask_app]  304 /images/GIZ.png render time 0.005 seconds
2022-09-23 03:12:57,664 INFO  [ckan.config.middleware.flask_app]  304 /images/datalat.png render time 0.008 seconds
